<?xml version="1.0" encoding="UTF-8"?>
<coverage generated="1593011946993" clover="3.2.0">
  <project timestamp="1593011946993" name="All files">
    <metrics statements="70" coveredstatements="70" conditionals="27" coveredconditionals="26" methods="36" coveredmethods="36" elements="133" coveredelements="132" complexity="0" loc="70" ncloc="70" packages="1" files="2" classes="2"/>
    <file name="data.js" path="/Users/preto/pasta_Trybe/PROJETOS_TRYBE/sd-05-block8-project-zoo-functions/src/data.js">
      <metrics statements="1" coveredstatements="1" conditionals="0" coveredconditionals="0" methods="0" coveredmethods="0"/>
      <line num="1" count="13" type="stmt"/>
    </file>
    <file name="zoo.js" path="/Users/preto/pasta_Trybe/PROJETOS_TRYBE/sd-05-block8-project-zoo-functions/src/zoo.js">
      <metrics statements="69" coveredstatements="69" conditionals="27" coveredconditionals="26" methods="36" coveredmethods="36"/>
      <line num="12" count="13" type="stmt"/>
      <line num="20" count="3" type="stmt"/>
      <line num="21" count="4" type="cond" truecount="1" falsecount="1"/>
      <line num="22" count="3" type="stmt"/>
      <line num="33" count="2" type="stmt"/>
      <line num="34" count="9" type="stmt"/>
      <line num="35" count="8" type="cond" truecount="2" falsecount="0"/>
      <line num="36" count="5" type="stmt"/>
      <line num="48" count="3" type="cond" truecount="2" falsecount="0"/>
      <line num="49" count="2" type="stmt"/>
      <line num="50" count="12" type="cond" truecount="2" falsecount="0"/>
      <line num="61" count="3" type="stmt"/>
      <line num="62" count="3" type="stmt"/>
      <line num="63" count="3" type="stmt"/>
      <line num="64" count="3" type="stmt"/>
      <line num="65" count="3" type="stmt"/>
      <line num="66" count="3" type="stmt"/>
      <line num="67" count="3" type="stmt"/>
      <line num="68" count="3" type="stmt"/>
      <line num="69" count="3" type="stmt"/>
      <line num="89" count="2" type="stmt"/>
      <line num="90" count="11" type="stmt"/>
      <line num="91" count="2" type="stmt"/>
      <line num="99" count="2" type="cond" truecount="2" falsecount="0"/>
      <line num="100" count="2" type="cond" truecount="2" falsecount="0"/>
      <line num="101" count="2" type="stmt"/>
      <line num="102" count="2" type="stmt"/>
      <line num="139" count="3" type="cond" truecount="2" falsecount="0"/>
      <line num="140" count="1" type="stmt"/>
      <line num="141" count="9" type="stmt"/>
      <line num="142" count="1" type="stmt"/>
      <line num="144" count="18" type="stmt"/>
      <line num="145" count="2" type="stmt"/>
      <line num="146" count="2" type="stmt"/>
      <line num="153" count="3" type="stmt"/>
      <line num="155" count="3" type="cond" truecount="4" falsecount="0"/>
      <line num="159" count="1" type="stmt"/>
      <line num="160" count="3" type="stmt"/>
      <line num="161" count="3" type="stmt"/>
      <line num="163" count="1" type="stmt"/>
      <line num="176" count="3" type="stmt"/>
      <line num="177" count="3" type="stmt"/>
      <line num="178" count="3" type="stmt"/>
      <line num="179" count="9" type="stmt"/>
      <line num="180" count="9" type="cond" truecount="2" falsecount="0"/>
      <line num="186" count="3" type="cond" truecount="2" falsecount="0"/>
      <line num="190" count="7" type="stmt"/>
      <line num="191" count="1" type="stmt"/>
      <line num="201" count="2" type="stmt"/>
      <line num="202" count="11" type="stmt"/>
      <line num="203" count="14" type="stmt"/>
      <line num="204" count="17" type="stmt"/>
      <line num="205" count="2" type="stmt"/>
      <line num="210" count="2" type="stmt"/>
      <line num="211" count="6" type="stmt"/>
      <line num="227" count="4" type="stmt"/>
      <line num="228" count="4" type="stmt"/>
      <line num="233" count="4" type="stmt"/>
      <line num="234" count="26" type="cond" truecount="3" falsecount="0"/>
      <line num="236" count="4" type="stmt"/>
      <line num="237" count="11" type="stmt"/>
      <line num="238" count="126" type="stmt"/>
      <line num="239" count="11" type="stmt"/>
      <line num="245" count="4" type="cond" truecount="2" falsecount="0"/>
      <line num="250" count="1" type="stmt"/>
      <line num="251" count="8" type="stmt"/>
      <line num="252" count="8" type="stmt"/>
      <line num="254" count="1" type="stmt"/>
      <line num="258" count="13" type="stmt"/>
    </file>
  </project>
</coverage>
