{"/Users/preto/pasta_Trybe/PROJETOS_TRYBE/sd-05-block8-project-zoo-functions/src/data.js": {"path":"/Users/preto/pasta_Trybe/PROJETOS_TRYBE/sd-05-block8-project-zoo-functions/src/data.js","statementMap":{"0":{"start":{"line":1,"column":0},"end":{"line":321,"column":2}}},"fnMap":{},"branchMap":{},"s":{"0":13},"f":{},"b":{},"_coverageSchema":"1a1c01bbd47fc00a2c39e90264f33305004495a9","hash":"fba5c8a5b1b4032808c3c7ac92cf112fa2ab12a5"}
,"/Users/preto/pasta_Trybe/PROJETOS_TRYBE/sd-05-block8-project-zoo-functions/src/zoo.js": {"path":"/Users/preto/pasta_Trybe/PROJETOS_TRYBE/sd-05-block8-project-zoo-functions/src/zoo.js","statementMap":{"0":{"start":{"line":12,"column":13},"end":{"line":12,"column":30}},"1":{"start":{"line":20,"column":17},"end":{"line":20,"column":19}},"2":{"start":{"line":21,"column":2},"end":{"line":21,"column":106}},"3":{"start":{"line":21,"column":20},"end":{"line":21,"column":104}},"4":{"start":{"line":21,"column":85},"end":{"line":21,"column":102}},"5":{"start":{"line":22,"column":2},"end":{"line":22,"column":16}},"6":{"start":{"line":33,"column":20},"end":{"line":33,"column":22}},"7":{"start":{"line":34,"column":18},"end":{"line":34,"column":71}},"8":{"start":{"line":34,"column":47},"end":{"line":34,"column":69}},"9":{"start":{"line":35,"column":2},"end":{"line":35,"column":78}},"10":{"start":{"line":35,"column":37},"end":{"line":35,"column":76}},"11":{"start":{"line":36,"column":2},"end":{"line":36,"column":33}},"12":{"start":{"line":36,"column":30},"end":{"line":36,"column":31}},"13":{"start":{"line":48,"column":2},"end":{"line":48,"column":44}},"14":{"start":{"line":48,"column":34},"end":{"line":48,"column":44}},"15":{"start":{"line":49,"column":15},"end":{"line":49,"column":29}},"16":{"start":{"line":50,"column":2},"end":{"line":50,"column":94}},"17":{"start":{"line":50,"column":27},"end":{"line":50,"column":92}},"18":{"start":{"line":61,"column":22},"end":{"line":61,"column":24}},"19":{"start":{"line":62,"column":38},"end":{"line":62,"column":50}},"20":{"start":{"line":63,"column":39},"end":{"line":63,"column":53}},"21":{"start":{"line":64,"column":2},"end":{"line":64,"column":22}},"22":{"start":{"line":65,"column":2},"end":{"line":65,"column":36}},"23":{"start":{"line":66,"column":2},"end":{"line":66,"column":34}},"24":{"start":{"line":67,"column":2},"end":{"line":67,"column":34}},"25":{"start":{"line":68,"column":2},"end":{"line":68,"column":46}},"26":{"start":{"line":69,"column":2},"end":{"line":69,"column":21}},"27":{"start":{"line":89,"column":20},"end":{"line":90,"column":57}},"28":{"start":{"line":90,"column":2},"end":{"line":90,"column":56}},"29":{"start":{"line":90,"column":40},"end":{"line":90,"column":55}},"30":{"start":{"line":91,"column":2},"end":{"line":91,"column":19}},"31":{"start":{"line":99,"column":2},"end":{"line":99,"column":44}},"32":{"start":{"line":99,"column":30},"end":{"line":99,"column":44}},"33":{"start":{"line":100,"column":2},"end":{"line":100,"column":56}},"34":{"start":{"line":100,"column":36},"end":{"line":100,"column":56}},"35":{"start":{"line":101,"column":20},"end":{"line":101,"column":93}},"36":{"start":{"line":102,"column":2},"end":{"line":102,"column":33}},"37":{"start":{"line":139,"column":2},"end":{"line":143,"column":3}},"38":{"start":{"line":140,"column":22},"end":{"line":140,"column":24}},"39":{"start":{"line":141,"column":4},"end":{"line":141,"column":92}},"40":{"start":{"line":141,"column":36},"end":{"line":141,"column":89}},"41":{"start":{"line":142,"column":4},"end":{"line":142,"column":21}},"42":{"start":{"line":144,"column":18},"end":{"line":145,"column":81}},"43":{"start":{"line":144,"column":48},"end":{"line":144,"column":71}},"44":{"start":{"line":145,"column":41},"end":{"line":145,"column":76}},"45":{"start":{"line":146,"column":2},"end":{"line":146,"column":24}},"46":{"start":{"line":153,"column":21},"end":{"line":153,"column":25}},"47":{"start":{"line":155,"column":2},"end":{"line":155,"column":77}},"48":{"start":{"line":155,"column":68},"end":{"line":155,"column":77}},"49":{"start":{"line":159,"column":15},"end":{"line":162,"column":7}},"50":{"start":{"line":160,"column":4},"end":{"line":160,"column":63}},"51":{"start":{"line":161,"column":4},"end":{"line":161,"column":17}},"52":{"start":{"line":163,"column":2},"end":{"line":163,"column":14}},"53":{"start":{"line":176,"column":20},"end":{"line":176,"column":24}},"54":{"start":{"line":177,"column":19},"end":{"line":177,"column":21}},"55":{"start":{"line":178,"column":23},"end":{"line":181,"column":3}},"56":{"start":{"line":179,"column":28},"end":{"line":179,"column":38}},"57":{"start":{"line":180,"column":4},"end":{"line":180,"column":87}},"58":{"start":{"line":186,"column":2},"end":{"line":186,"column":78}},"59":{"start":{"line":186,"column":29},"end":{"line":186,"column":78}},"60":{"start":{"line":190,"column":2},"end":{"line":190,"column":76}},"61":{"start":{"line":190,"column":38},"end":{"line":190,"column":73}},"62":{"start":{"line":191,"column":2},"end":{"line":191,"column":18}},"63":{"start":{"line":201,"column":33},"end":{"line":201,"column":37}},"64":{"start":{"line":202,"column":22},"end":{"line":202,"column":86}},"65":{"start":{"line":202,"column":49},"end":{"line":202,"column":67}},"66":{"start":{"line":203,"column":26},"end":{"line":204,"column":42}},"67":{"start":{"line":203,"column":49},"end":{"line":203,"column":74}},"68":{"start":{"line":204,"column":28},"end":{"line":204,"column":41}},"69":{"start":{"line":205,"column":2},"end":{"line":205,"column":43}},"70":{"start":{"line":210,"column":21},"end":{"line":210,"column":25}},"71":{"start":{"line":211,"column":2},"end":{"line":212,"column":67}},"72":{"start":{"line":211,"column":40},"end":{"line":212,"column":64}},"73":{"start":{"line":227,"column":33},"end":{"line":227,"column":37}},"74":{"start":{"line":228,"column":22},"end":{"line":228,"column":24}},"75":{"start":{"line":233,"column":22},"end":{"line":234,"column":91}},"76":{"start":{"line":234,"column":2},"end":{"line":234,"column":89}},"77":{"start":{"line":236,"column":23},"end":{"line":240,"column":3}},"78":{"start":{"line":237,"column":27},"end":{"line":238,"column":58}},"79":{"start":{"line":238,"column":2},"end":{"line":238,"column":57}},"80":{"start":{"line":238,"column":25},"end":{"line":238,"column":51}},"81":{"start":{"line":239,"column":4},"end":{"line":239,"column":26}},"82":{"start":{"line":245,"column":2},"end":{"line":245,"column":121}},"83":{"start":{"line":245,"column":30},"end":{"line":245,"column":121}},"84":{"start":{"line":250,"column":2},"end":{"line":253,"column":5}},"85":{"start":{"line":251,"column":29},"end":{"line":251,"column":51}},"86":{"start":{"line":252,"column":4},"end":{"line":252,"column":81}},"87":{"start":{"line":254,"column":2},"end":{"line":254,"column":21}},"88":{"start":{"line":258,"column":0},"end":{"line":272,"column":2}}},"fnMap":{"0":{"name":"animalsByIds","decl":{"start":{"line":14,"column":9},"end":{"line":14,"column":21}},"loc":{"start":{"line":14,"column":30},"end":{"line":23,"column":1}},"line":14},"1":{"name":"(anonymous_1)","decl":{"start":{"line":21,"column":14},"end":{"line":21,"column":15}},"loc":{"start":{"line":21,"column":20},"end":{"line":21,"column":104}},"line":21},"2":{"name":"(anonymous_2)","decl":{"start":{"line":21,"column":74},"end":{"line":21,"column":75}},"loc":{"start":{"line":21,"column":85},"end":{"line":21,"column":102}},"line":21},"3":{"name":"animalsOlderThan","decl":{"start":{"line":28,"column":9},"end":{"line":28,"column":25}},"loc":{"start":{"line":28,"column":39},"end":{"line":37,"column":1}},"line":28},"4":{"name":"(anonymous_4)","decl":{"start":{"line":34,"column":36},"end":{"line":34,"column":37}},"loc":{"start":{"line":34,"column":47},"end":{"line":34,"column":69}},"line":34},"5":{"name":"(anonymous_5)","decl":{"start":{"line":35,"column":28},"end":{"line":35,"column":29}},"loc":{"start":{"line":35,"column":37},"end":{"line":35,"column":76}},"line":35},"6":{"name":"(anonymous_6)","decl":{"start":{"line":36,"column":25},"end":{"line":36,"column":26}},"loc":{"start":{"line":36,"column":30},"end":{"line":36,"column":31}},"line":36},"7":{"name":"employeeByName","decl":{"start":{"line":42,"column":9},"end":{"line":42,"column":23}},"loc":{"start":{"line":42,"column":38},"end":{"line":51,"column":1}},"line":42},"8":{"name":"(anonymous_8)","decl":{"start":{"line":50,"column":19},"end":{"line":50,"column":20}},"loc":{"start":{"line":50,"column":27},"end":{"line":50,"column":92}},"line":50},"9":{"name":"createEmployee","decl":{"start":{"line":56,"column":9},"end":{"line":56,"column":23}},"loc":{"start":{"line":56,"column":54},"end":{"line":70,"column":1}},"line":56},"10":{"name":"isManager","decl":{"start":{"line":85,"column":9},"end":{"line":85,"column":18}},"loc":{"start":{"line":85,"column":23},"end":{"line":92,"column":1}},"line":85},"11":{"name":"(anonymous_11)","decl":{"start":{"line":89,"column":40},"end":{"line":89,"column":41}},"loc":{"start":{"line":90,"column":2},"end":{"line":90,"column":56}},"line":90},"12":{"name":"(anonymous_12)","decl":{"start":{"line":90,"column":28},"end":{"line":90,"column":29}},"loc":{"start":{"line":90,"column":40},"end":{"line":90,"column":55}},"line":90},"13":{"name":"addEmployee","decl":{"start":{"line":97,"column":9},"end":{"line":97,"column":20}},"loc":{"start":{"line":97,"column":72},"end":{"line":103,"column":1}},"line":97},"14":{"name":"animalCount","decl":{"start":{"line":134,"column":9},"end":{"line":134,"column":20}},"loc":{"start":{"line":134,"column":30},"end":{"line":147,"column":1}},"line":134},"15":{"name":"(anonymous_15)","decl":{"start":{"line":141,"column":25},"end":{"line":141,"column":26}},"loc":{"start":{"line":141,"column":36},"end":{"line":141,"column":89}},"line":141},"16":{"name":"(anonymous_16)","decl":{"start":{"line":144,"column":38},"end":{"line":144,"column":39}},"loc":{"start":{"line":144,"column":48},"end":{"line":144,"column":71}},"line":144},"17":{"name":"(anonymous_17)","decl":{"start":{"line":145,"column":10},"end":{"line":145,"column":11}},"loc":{"start":{"line":145,"column":41},"end":{"line":145,"column":76}},"line":145},"18":{"name":"entryCalculator","decl":{"start":{"line":152,"column":9},"end":{"line":152,"column":24}},"loc":{"start":{"line":152,"column":35},"end":{"line":164,"column":1}},"line":152},"19":{"name":"(anonymous_19)","decl":{"start":{"line":159,"column":42},"end":{"line":159,"column":43}},"loc":{"start":{"line":159,"column":75},"end":{"line":162,"column":3}},"line":159},"20":{"name":"animalMap","decl":{"start":{"line":170,"column":9},"end":{"line":170,"column":18}},"loc":{"start":{"line":170,"column":28},"end":{"line":172,"column":1}},"line":170},"21":{"name":"schedule","decl":{"start":{"line":174,"column":9},"end":{"line":174,"column":17}},"loc":{"start":{"line":174,"column":27},"end":{"line":192,"column":1}},"line":174},"22":{"name":"(anonymous_22)","decl":{"start":{"line":178,"column":23},"end":{"line":178,"column":24}},"loc":{"start":{"line":178,"column":38},"end":{"line":181,"column":3}},"line":178},"23":{"name":"(anonymous_23)","decl":{"start":{"line":190,"column":29},"end":{"line":190,"column":30}},"loc":{"start":{"line":190,"column":38},"end":{"line":190,"column":73}},"line":190},"24":{"name":"oldestFromFirstSpecies","decl":{"start":{"line":197,"column":9},"end":{"line":197,"column":31}},"loc":{"start":{"line":197,"column":36},"end":{"line":206,"column":1}},"line":197},"25":{"name":"(anonymous_25)","decl":{"start":{"line":202,"column":37},"end":{"line":202,"column":38}},"loc":{"start":{"line":202,"column":49},"end":{"line":202,"column":67}},"line":202},"26":{"name":"(anonymous_26)","decl":{"start":{"line":203,"column":39},"end":{"line":203,"column":40}},"loc":{"start":{"line":203,"column":49},"end":{"line":203,"column":74}},"line":203},"27":{"name":"(anonymous_27)","decl":{"start":{"line":204,"column":18},"end":{"line":204,"column":19}},"loc":{"start":{"line":204,"column":28},"end":{"line":204,"column":41}},"line":204},"28":{"name":"increasePrices","decl":{"start":{"line":209,"column":9},"end":{"line":209,"column":23}},"loc":{"start":{"line":209,"column":36},"end":{"line":219,"column":1}},"line":209},"29":{"name":"(anonymous_29)","decl":{"start":{"line":211,"column":30},"end":{"line":211,"column":31}},"loc":{"start":{"line":211,"column":40},"end":{"line":212,"column":64}},"line":211},"30":{"name":"employeeCoverage","decl":{"start":{"line":225,"column":9},"end":{"line":225,"column":25}},"loc":{"start":{"line":225,"column":36},"end":{"line":255,"column":1}},"line":225},"31":{"name":"(anonymous_31)","decl":{"start":{"line":233,"column":37},"end":{"line":233,"column":38}},"loc":{"start":{"line":234,"column":2},"end":{"line":234,"column":89}},"line":234},"32":{"name":"(anonymous_32)","decl":{"start":{"line":236,"column":23},"end":{"line":236,"column":24}},"loc":{"start":{"line":236,"column":37},"end":{"line":240,"column":3}},"line":236},"33":{"name":"(anonymous_33)","decl":{"start":{"line":237,"column":55},"end":{"line":237,"column":56}},"loc":{"start":{"line":238,"column":2},"end":{"line":238,"column":57}},"line":238},"34":{"name":"(anonymous_34)","decl":{"start":{"line":238,"column":15},"end":{"line":238,"column":16}},"loc":{"start":{"line":238,"column":25},"end":{"line":238,"column":51}},"line":238},"35":{"name":"(anonymous_35)","decl":{"start":{"line":250,"column":20},"end":{"line":250,"column":21}},"loc":{"start":{"line":250,"column":34},"end":{"line":253,"column":3}},"line":250}},"branchMap":{"0":{"loc":{"start":{"line":21,"column":32},"end":{"line":21,"column":103}},"type":"cond-expr","locations":[{"start":{"line":21,"column":51},"end":{"line":21,"column":53}},{"start":{"line":21,"column":56},"end":{"line":21,"column":103}}],"line":21},"1":{"loc":{"start":{"line":35,"column":52},"end":{"line":35,"column":75}},"type":"cond-expr","locations":[{"start":{"line":35,"column":70},"end":{"line":35,"column":71}},{"start":{"line":35,"column":74},"end":{"line":35,"column":75}}],"line":35},"2":{"loc":{"start":{"line":48,"column":2},"end":{"line":48,"column":44}},"type":"if","locations":[{"start":{"line":48,"column":2},"end":{"line":48,"column":44}},{"start":{"line":48,"column":2},"end":{"line":48,"column":44}}],"line":48},"3":{"loc":{"start":{"line":50,"column":27},"end":{"line":50,"column":92}},"type":"binary-expr","locations":[{"start":{"line":50,"column":27},"end":{"line":50,"column":58}},{"start":{"line":50,"column":62},"end":{"line":50,"column":92}}],"line":50},"4":{"loc":{"start":{"line":99,"column":2},"end":{"line":99,"column":44}},"type":"if","locations":[{"start":{"line":99,"column":2},"end":{"line":99,"column":44}},{"start":{"line":99,"column":2},"end":{"line":99,"column":44}}],"line":99},"5":{"loc":{"start":{"line":100,"column":2},"end":{"line":100,"column":56}},"type":"if","locations":[{"start":{"line":100,"column":2},"end":{"line":100,"column":56}},{"start":{"line":100,"column":2},"end":{"line":100,"column":56}}],"line":100},"6":{"loc":{"start":{"line":139,"column":2},"end":{"line":143,"column":3}},"type":"if","locations":[{"start":{"line":139,"column":2},"end":{"line":143,"column":3}},{"start":{"line":139,"column":2},"end":{"line":143,"column":3}}],"line":139},"7":{"loc":{"start":{"line":155,"column":2},"end":{"line":155,"column":77}},"type":"if","locations":[{"start":{"line":155,"column":2},"end":{"line":155,"column":77}},{"start":{"line":155,"column":2},"end":{"line":155,"column":77}}],"line":155},"8":{"loc":{"start":{"line":155,"column":6},"end":{"line":155,"column":66}},"type":"binary-expr","locations":[{"start":{"line":155,"column":6},"end":{"line":155,"column":28}},{"start":{"line":155,"column":32},"end":{"line":155,"column":66}}],"line":155},"9":{"loc":{"start":{"line":180,"column":11},"end":{"line":180,"column":86}},"type":"cond-expr","locations":[{"start":{"line":180,"column":32},"end":{"line":180,"column":40}},{"start":{"line":180,"column":43},"end":{"line":180,"column":86}}],"line":180},"10":{"loc":{"start":{"line":186,"column":2},"end":{"line":186,"column":78}},"type":"if","locations":[{"start":{"line":186,"column":2},"end":{"line":186,"column":78}},{"start":{"line":186,"column":2},"end":{"line":186,"column":78}}],"line":186},"11":{"loc":{"start":{"line":234,"column":2},"end":{"line":234,"column":89}},"type":"binary-expr","locations":[{"start":{"line":234,"column":2},"end":{"line":234,"column":24}},{"start":{"line":234,"column":28},"end":{"line":234,"column":57}},{"start":{"line":234,"column":61},"end":{"line":234,"column":89}}],"line":234},"12":{"loc":{"start":{"line":245,"column":2},"end":{"line":245,"column":121}},"type":"if","locations":[{"start":{"line":245,"column":2},"end":{"line":245,"column":121}},{"start":{"line":245,"column":2},"end":{"line":245,"column":121}}],"line":245}},"s":{"0":13,"1":3,"2":3,"3":3,"4":4,"5":3,"6":2,"7":2,"8":9,"9":2,"10":8,"11":2,"12":5,"13":3,"14":1,"15":2,"16":2,"17":12,"18":3,"19":3,"20":3,"21":3,"22":3,"23":3,"24":3,"25":3,"26":3,"27":2,"28":9,"29":11,"30":2,"31":2,"32":1,"33":2,"34":1,"35":2,"36":2,"37":3,"38":1,"39":1,"40":9,"41":1,"42":2,"43":18,"44":2,"45":2,"46":3,"47":3,"48":2,"49":1,"50":3,"51":3,"52":1,"53":3,"54":3,"55":3,"56":9,"57":9,"58":3,"59":2,"60":1,"61":7,"62":1,"63":2,"64":2,"65":11,"66":2,"67":14,"68":17,"69":2,"70":2,"71":2,"72":6,"73":4,"74":4,"75":4,"76":26,"77":4,"78":11,"79":27,"80":126,"81":11,"82":4,"83":3,"84":1,"85":8,"86":8,"87":1,"88":13},"f":{"0":3,"1":3,"2":4,"3":2,"4":9,"5":8,"6":5,"7":3,"8":12,"9":3,"10":2,"11":9,"12":11,"13":2,"14":3,"15":9,"16":18,"17":2,"18":3,"19":3,"20":1,"21":3,"22":9,"23":7,"24":2,"25":11,"26":14,"27":17,"28":2,"29":6,"30":4,"31":26,"32":11,"33":27,"34":126,"35":8},"b":{"0":[0,3],"1":[5,3],"2":[1,2],"3":[12,11],"4":[1,1],"5":[1,1],"6":[1,2],"7":[2,1],"8":[3,2],"9":[2,7],"10":[2,1],"11":[26,25,24],"12":[3,1]},"_coverageSchema":"1a1c01bbd47fc00a2c39e90264f33305004495a9","hash":"a00190e53ebca9f0480033bf87b0dd5f640a9003"}
}
