TN:
SF:src/data.js
FNF:0
FNH:0
DA:1,13
LF:1
LH:1
BRF:0
BRH:0
end_of_record
TN:
SF:src/zoo.js
FN:14,animalsByIds
FN:21,(anonymous_1)
FN:21,(anonymous_2)
FN:28,animalsOlderThan
FN:34,(anonymous_4)
FN:35,(anonymous_5)
FN:36,(anonymous_6)
FN:42,employeeByName
FN:50,(anonymous_8)
FN:56,createEmployee
FN:85,isManager
FN:89,(anonymous_11)
FN:90,(anonymous_12)
FN:97,addEmployee
FN:134,animalCount
FN:141,(anonymous_15)
FN:144,(anonymous_16)
FN:145,(anonymous_17)
FN:152,entryCalculator
FN:159,(anonymous_19)
FN:170,animalMap
FN:174,schedule
FN:178,(anonymous_22)
FN:190,(anonymous_23)
FN:197,oldestFromFirstSpecies
FN:202,(anonymous_25)
FN:203,(anonymous_26)
FN:204,(anonymous_27)
FN:209,increasePrices
FN:211,(anonymous_29)
FN:225,employeeCoverage
FN:233,(anonymous_31)
FN:236,(anonymous_32)
FN:237,(anonymous_33)
FN:238,(anonymous_34)
FN:250,(anonymous_35)
FNF:36
FNH:36
FNDA:3,animalsByIds
FNDA:3,(anonymous_1)
FNDA:4,(anonymous_2)
FNDA:2,animalsOlderThan
FNDA:9,(anonymous_4)
FNDA:8,(anonymous_5)
FNDA:5,(anonymous_6)
FNDA:3,employeeByName
FNDA:12,(anonymous_8)
FNDA:3,createEmployee
FNDA:2,isManager
FNDA:9,(anonymous_11)
FNDA:11,(anonymous_12)
FNDA:2,addEmployee
FNDA:3,animalCount
FNDA:9,(anonymous_15)
FNDA:18,(anonymous_16)
FNDA:2,(anonymous_17)
FNDA:3,entryCalculator
FNDA:3,(anonymous_19)
FNDA:1,animalMap
FNDA:3,schedule
FNDA:9,(anonymous_22)
FNDA:7,(anonymous_23)
FNDA:2,oldestFromFirstSpecies
FNDA:11,(anonymous_25)
FNDA:14,(anonymous_26)
FNDA:17,(anonymous_27)
FNDA:2,increasePrices
FNDA:6,(anonymous_29)
FNDA:4,employeeCoverage
FNDA:26,(anonymous_31)
FNDA:11,(anonymous_32)
FNDA:27,(anonymous_33)
FNDA:126,(anonymous_34)
FNDA:8,(anonymous_35)
DA:12,13
DA:20,3
DA:21,4
DA:22,3
DA:33,2
DA:34,9
DA:35,8
DA:36,5
DA:48,3
DA:49,2
DA:50,12
DA:61,3
DA:62,3
DA:63,3
DA:64,3
DA:65,3
DA:66,3
DA:67,3
DA:68,3
DA:69,3
DA:89,2
DA:90,11
DA:91,2
DA:99,2
DA:100,2
DA:101,2
DA:102,2
DA:139,3
DA:140,1
DA:141,9
DA:142,1
DA:144,18
DA:145,2
DA:146,2
DA:153,3
DA:155,3
DA:159,1
DA:160,3
DA:161,3
DA:163,1
DA:176,3
DA:177,3
DA:178,3
DA:179,9
DA:180,9
DA:186,3
DA:190,7
DA:191,1
DA:201,2
DA:202,11
DA:203,14
DA:204,17
DA:205,2
DA:210,2
DA:211,6
DA:227,4
DA:228,4
DA:233,4
DA:234,26
DA:236,4
DA:237,11
DA:238,126
DA:239,11
DA:245,4
DA:250,1
DA:251,8
DA:252,8
DA:254,1
DA:258,13
LF:69
LH:69
BRDA:21,0,0,0
BRDA:21,0,1,3
BRDA:35,1,0,5
BRDA:35,1,1,3
BRDA:48,2,0,1
BRDA:48,2,1,2
BRDA:50,3,0,12
BRDA:50,3,1,11
BRDA:99,4,0,1
BRDA:99,4,1,1
BRDA:100,5,0,1
BRDA:100,5,1,1
BRDA:139,6,0,1
BRDA:139,6,1,2
BRDA:155,7,0,2
BRDA:155,7,1,1
BRDA:155,8,0,3
BRDA:155,8,1,2
BRDA:180,9,0,2
BRDA:180,9,1,7
BRDA:186,10,0,2
BRDA:186,10,1,1
BRDA:234,11,0,26
BRDA:234,11,1,25
BRDA:234,11,2,24
BRDA:245,12,0,3
BRDA:245,12,1,1
BRF:27
BRH:26
end_of_record
